[1107/030500.826:INFO:crash_reporting.cc(219)] Crash reporting enabled for process: browser
[1107/030500.926:INFO:crash_reporting.cc(219)] Crash reporting enabled for process: gpu-process
[1107/030501.046:INFO:crash_reporting.cc(219)] Crash reporting enabled for process: utility
[1107/030700.932:INFO:crash_reporting.cc(219)] Crash reporting enabled for process: gpu-process
[1108/153259.878:WARNING:angle_platform_impl.cc(45)] compileToBinary(256): 
C:\fakepath(75,10-46): warning X3571: pow(f, e) will not work for negative f, use abs(f) or conditionally handle negative values if you expect them
C:\fakepath(98,10-46): warning X3571: pow(f, e) will not work for negative f, use abs(f) or conditionally handle negative values if you expect them

[1206/152626.044:INFO:gpu_process_host.cc(936)] [XWEB_LOG_GPU]  GPU process laucnched in-process mode SUCCESS!!! gpu-process-pid:38080 gpu-process-sandbox:1
[1206/152626.164:INFO:gpu_process_host.cc(1006)] [XWEB_LOG_GPU]  GpuProcessHost::DidInitialize! gpu-info {machine_info:_,gpu_driver:ANGLE (Intel)_27.20.100.8681,gl_render:ANGLE (Intel(R) UHD Graphics 630 Direct3D11 vs_5_0 ps_5_0),gl_version:OpenGL ES 2.0.0 (ANGLE 2.1.0.unknown hash),gpu_count:1,software_rendering:0,sandboxed:0,in_process_gpu:1,gpuinfo_is_initialized:1,gpu_use_swiftshader:0}
[1206/152626.200:INFO:web_contents_impl.cc(608)] [XWEB_LOG_BROWSER] WebContentsImpl constructor! this:03A0D590, WebViewContentImpl constructed count:1,WebViewContentImpl desctructed count0
[1206/152626.204:ERROR:system_network_context_manager.cc(699)] Cannot use V8 Proxy resolver in single process mode.
[1206/152626.207:ERROR:system_network_context_manager.cc(699)] Cannot use V8 Proxy resolver in single process mode.
[1206/152626.248:INFO:web_contents_impl.cc(4182)] [XWEB_LOG_BROWSER]  WebContentsImpl:03A0D590, SetVisibilityAndNotifyObservers:VISIBLE
[1206/152626.398:INFO:web_contents_impl.cc(4548)] [XWEB_LOG_BROWSER]  XWeb IdKeyReport, ID:1731,Key:4
[1206/152626.398:INFO:web_contents_impl.cc(4550)] [XWEB_LOG_BROWSER]  XWeb IdKeyReport, ID:1731,Key:11
[1206/152626.398:INFO:web_contents_impl.cc(4556)] [XWEB_LOG_BROWSER] WebContentsImpl::DidFinishNavigation OK! url:wechat://xviewer/XViewer/viewer.html?filepath=C%3A%2FUsers%2Fxizhonghuai%2FDocuments%2FWeChat+Files%2Fwxid%5F5tkqhacmblu921%2FApplet%2Fwx0bc2c17d023b213d%2Ftemp%2F25&report_file_path=C%3A%2FUsers%2FXIZHON%7E1%2FAppData%2FRoaming%2FTencent%2FWeChat%2Flog%2F&extract_path=C%3A%2FUsers%2Fxizhonghuai%2FAppData%2FRoaming%2FTencent%2FWeChat%2FXPlugin%2FPlugins%2FXFilesOfficeReader%2F1366%2Fextracted%2F&cache_path=C%3A%2FUsers%2Fxizhonghuai%2FAppData%2FRoaming%2FTencent%2FWeChat%2FXPlugin%2FPlugins%2FXFilesOfficeReader%2F1366%2Fcache%2F&idkey_id=1692&xfiles_version=1366&is_url_encode=true
[1206/152626.521:INFO:xweb_javascript.cc(24)] Inject
[1206/152626.858:INFO:web_contents_impl.cc(5051)] [XWEB_LOG_BROWSER]  XWeb IdKeyReport, ID:1731,Key:6
[1206/152626.858:INFO:web_contents_impl.cc(5055)] [XWEB_LOG_BROWSER]  XWeb IdKeyReport, ID:1731,Key:7,value:460.095
[1206/152626.858:INFO:web_contents_impl.cc(5060)] [XWEB_LOG_BROWSER]  load url cost:460.095 ms, url:wechat://xviewer/XViewer/viewer.html?filepath=C%3A%2FUsers%2Fxizhonghuai%2FDocuments%2FWeChat+Files%2Fwxid%5F5tkqhacmblu921%2FApplet%2Fwx0bc2c17d023b213d%2Ftemp%2F25&report_file_path=C%3A%2FUsers%2FXIZHON%7E1%2FAppData%2FRoaming%2FTencent%2FWeChat%2Flog%2F&extract_path=C%3A%2FUsers%2Fxizhonghuai%2FAppData%2FRoaming%2FTencent%2FWeChat%2FXPlugin%2FPlugins%2FXFilesOfficeReader%2F1366%2Fextracted%2F&cache_path=C%3A%2FUsers%2Fxizhonghuai%2FAppData%2FRoaming%2FTencent%2FWeChat%2FXPlugin%2FPlugins%2FXFilesOfficeReader%2F1366%2Fcache%2F&idkey_id=1692&xfiles_version=1366&is_url_encode=true
[1206/152626.858:INFO:web_contents_impl.cc(5063)] [XWEB_LOG_BROWSER]  XWeb IdKeyReport, ID:1731,Key:12
[1206/152626.858:INFO:web_contents_impl.cc(5065)] [XWEB_LOG_BROWSER]  XWeb IdKeyReport, ID:1731,Key:13
[1206/152635.632:INFO:web_contents_impl.cc(731)] [XWEB_LOG_BROWSER] WebContentsImpl destructor! this:03A0D590, WebViewContentImpl constructed count:1,WebViewContentImpl desctructed count1
[1206/152637.267:INFO:gpu_process_host.cc(936)] [XWEB_LOG_GPU]  GPU process laucnched in-process mode SUCCESS!!! gpu-process-pid:14720 gpu-process-sandbox:1
[1206/152637.285:INFO:web_contents_impl.cc(608)] [XWEB_LOG_BROWSER] WebContentsImpl constructor! this:03B944F0, WebViewContentImpl constructed count:1,WebViewContentImpl desctructed count0
[1206/152637.286:ERROR:system_network_context_manager.cc(699)] Cannot use V8 Proxy resolver in single process mode.
[1206/152637.287:ERROR:system_network_context_manager.cc(699)] Cannot use V8 Proxy resolver in single process mode.
[1206/152637.317:INFO:gpu_process_host.cc(1006)] [XWEB_LOG_GPU]  GpuProcessHost::DidInitialize! gpu-info {machine_info:_,gpu_driver:ANGLE (Intel)_27.20.100.8681,gl_render:ANGLE (Intel(R) UHD Graphics 630 Direct3D11 vs_5_0 ps_5_0),gl_version:OpenGL ES 2.0.0 (ANGLE 2.1.0.unknown hash),gpu_count:1,software_rendering:0,sandboxed:0,in_process_gpu:1,gpuinfo_is_initialized:1,gpu_use_swiftshader:0}
[1206/152637.318:INFO:web_contents_impl.cc(4182)] [XWEB_LOG_BROWSER]  WebContentsImpl:03B944F0, SetVisibilityAndNotifyObservers:VISIBLE
[1206/152637.341:INFO:web_contents_impl.cc(4548)] [XWEB_LOG_BROWSER]  XWeb IdKeyReport, ID:1731,Key:4
[1206/152637.341:INFO:web_contents_impl.cc(4550)] [XWEB_LOG_BROWSER]  XWeb IdKeyReport, ID:1731,Key:11
[1206/152637.341:INFO:web_contents_impl.cc(4556)] [XWEB_LOG_BROWSER] WebContentsImpl::DidFinishNavigation OK! url:wechat://xviewer/XViewer/viewer.html?filepath=C%3A%2FUsers%2Fxizhonghuai%2FDocuments%2FWeChat+Files%2Fwxid%5F5tkqhacmblu921%2FApplet%2Fwx0bc2c17d023b213d%2Ftemp%2F25&report_file_path=C%3A%2FUsers%2FXIZHON%7E1%2FAppData%2FRoaming%2FTencent%2FWeChat%2Flog%2F&extract_path=C%3A%2FUsers%2Fxizhonghuai%2FAppData%2FRoaming%2FTencent%2FWeChat%2FXPlugin%2FPlugins%2FXFilesOfficeReader%2F1366%2Fextracted%2F&cache_path=C%3A%2FUsers%2Fxizhonghuai%2FAppData%2FRoaming%2FTencent%2FWeChat%2FXPlugin%2FPlugins%2FXFilesOfficeReader%2F1366%2Fcache%2F&idkey_id=1692&xfiles_version=1366&is_url_encode=true
[1206/152637.373:INFO:xweb_javascript.cc(24)] Inject
[1206/152637.475:INFO:web_contents_impl.cc(5051)] [XWEB_LOG_BROWSER]  XWeb IdKeyReport, ID:1731,Key:6
[1206/152637.475:INFO:web_contents_impl.cc(5055)] [XWEB_LOG_BROWSER]  XWeb IdKeyReport, ID:1731,Key:7,value:133.675
[1206/152637.475:INFO:web_contents_impl.cc(5060)] [XWEB_LOG_BROWSER]  load url cost:133.675 ms, url:wechat://xviewer/XViewer/viewer.html?filepath=C%3A%2FUsers%2Fxizhonghuai%2FDocuments%2FWeChat+Files%2Fwxid%5F5tkqhacmblu921%2FApplet%2Fwx0bc2c17d023b213d%2Ftemp%2F25&report_file_path=C%3A%2FUsers%2FXIZHON%7E1%2FAppData%2FRoaming%2FTencent%2FWeChat%2Flog%2F&extract_path=C%3A%2FUsers%2Fxizhonghuai%2FAppData%2FRoaming%2FTencent%2FWeChat%2FXPlugin%2FPlugins%2FXFilesOfficeReader%2F1366%2Fextracted%2F&cache_path=C%3A%2FUsers%2Fxizhonghuai%2FAppData%2FRoaming%2FTencent%2FWeChat%2FXPlugin%2FPlugins%2FXFilesOfficeReader%2F1366%2Fcache%2F&idkey_id=1692&xfiles_version=1366&is_url_encode=true
[1206/152637.475:INFO:web_contents_impl.cc(5063)] [XWEB_LOG_BROWSER]  XWeb IdKeyReport, ID:1731,Key:12
[1206/152637.475:INFO:web_contents_impl.cc(5065)] [XWEB_LOG_BROWSER]  XWeb IdKeyReport, ID:1731,Key:13
[1206/152640.400:INFO:web_contents_impl.cc(731)] [XWEB_LOG_BROWSER] WebContentsImpl destructor! this:03B944F0, WebViewContentImpl constructed count:1,WebViewContentImpl desctructed count1
[1206/152645.145:INFO:gpu_process_host.cc(936)] [XWEB_LOG_GPU]  GPU process laucnched in-process mode SUCCESS!!! gpu-process-pid:24796 gpu-process-sandbox:1
[1206/152645.160:INFO:web_contents_impl.cc(608)] [XWEB_LOG_BROWSER] WebContentsImpl constructor! this:06B6DF18, WebViewContentImpl constructed count:1,WebViewContentImpl desctructed count0
[1206/152645.162:ERROR:system_network_context_manager.cc(699)] Cannot use V8 Proxy resolver in single process mode.
[1206/152645.163:ERROR:system_network_context_manager.cc(699)] Cannot use V8 Proxy resolver in single process mode.
[1206/152645.193:INFO:gpu_process_host.cc(1006)] [XWEB_LOG_GPU]  GpuProcessHost::DidInitialize! gpu-info {machine_info:_,gpu_driver:ANGLE (Intel)_27.20.100.8681,gl_render:ANGLE (Intel(R) UHD Graphics 630 Direct3D11 vs_5_0 ps_5_0),gl_version:OpenGL ES 2.0.0 (ANGLE 2.1.0.unknown hash),gpu_count:1,software_rendering:0,sandboxed:0,in_process_gpu:1,gpuinfo_is_initialized:1,gpu_use_swiftshader:0}
[1206/152645.195:INFO:web_contents_impl.cc(4182)] [XWEB_LOG_BROWSER]  WebContentsImpl:06B6DF18, SetVisibilityAndNotifyObservers:VISIBLE
[1206/152645.218:INFO:web_contents_impl.cc(4548)] [XWEB_LOG_BROWSER]  XWeb IdKeyReport, ID:1731,Key:4
[1206/152645.218:INFO:web_contents_impl.cc(4550)] [XWEB_LOG_BROWSER]  XWeb IdKeyReport, ID:1731,Key:11
[1206/152645.218:INFO:web_contents_impl.cc(4556)] [XWEB_LOG_BROWSER] WebContentsImpl::DidFinishNavigation OK! url:wechat://xviewer/XViewer/viewer.html?filepath=C%3A%2FUsers%2Fxizhonghuai%2FDocuments%2FWeChat+Files%2Fwxid%5F5tkqhacmblu921%2FApplet%2Fwx0bc2c17d023b213d%2Ftemp%2F31&report_file_path=C%3A%2FUsers%2FXIZHON%7E1%2FAppData%2FRoaming%2FTencent%2FWeChat%2Flog%2F&extract_path=C%3A%2FUsers%2Fxizhonghuai%2FAppData%2FRoaming%2FTencent%2FWeChat%2FXPlugin%2FPlugins%2FXFilesOfficeReader%2F1366%2Fextracted%2F&cache_path=C%3A%2FUsers%2Fxizhonghuai%2FAppData%2FRoaming%2FTencent%2FWeChat%2FXPlugin%2FPlugins%2FXFilesOfficeReader%2F1366%2Fcache%2F&idkey_id=1692&xfiles_version=1366&is_url_encode=true
[1206/152645.250:INFO:xweb_javascript.cc(24)] Inject
[1206/152645.352:INFO:web_contents_impl.cc(5051)] [XWEB_LOG_BROWSER]  XWeb IdKeyReport, ID:1731,Key:6
[1206/152645.352:INFO:web_contents_impl.cc(5055)] [XWEB_LOG_BROWSER]  XWeb IdKeyReport, ID:1731,Key:7,value:134.778
[1206/152645.352:INFO:web_contents_impl.cc(5060)] [XWEB_LOG_BROWSER]  load url cost:134.778 ms, url:wechat://xviewer/XViewer/viewer.html?filepath=C%3A%2FUsers%2Fxizhonghuai%2FDocuments%2FWeChat+Files%2Fwxid%5F5tkqhacmblu921%2FApplet%2Fwx0bc2c17d023b213d%2Ftemp%2F31&report_file_path=C%3A%2FUsers%2FXIZHON%7E1%2FAppData%2FRoaming%2FTencent%2FWeChat%2Flog%2F&extract_path=C%3A%2FUsers%2Fxizhonghuai%2FAppData%2FRoaming%2FTencent%2FWeChat%2FXPlugin%2FPlugins%2FXFilesOfficeReader%2F1366%2Fextracted%2F&cache_path=C%3A%2FUsers%2Fxizhonghuai%2FAppData%2FRoaming%2FTencent%2FWeChat%2FXPlugin%2FPlugins%2FXFilesOfficeReader%2F1366%2Fcache%2F&idkey_id=1692&xfiles_version=1366&is_url_encode=true
[1206/152645.352:INFO:web_contents_impl.cc(5063)] [XWEB_LOG_BROWSER]  XWeb IdKeyReport, ID:1731,Key:12
[1206/152645.352:INFO:web_contents_impl.cc(5065)] [XWEB_LOG_BROWSER]  XWeb IdKeyReport, ID:1731,Key:13
[1206/152649.234:INFO:web_contents_impl.cc(4548)] [XWEB_LOG_BROWSER]  XWeb IdKeyReport, ID:1731,Key:4
[1206/152649.234:INFO:web_contents_impl.cc(4550)] [XWEB_LOG_BROWSER]  XWeb IdKeyReport, ID:1731,Key:11
[1206/152649.234:INFO:web_contents_impl.cc(4556)] [XWEB_LOG_BROWSER] WebContentsImpl::DidFinishNavigation OK! url:wechat://xviewer/XViewer/viewer.html?filepath=C%3A%2FUsers%2Fxizhonghuai%2FDocuments%2FWeChat+Files%2Fwxid%5F5tkqhacmblu921%2FApplet%2Fwx0bc2c17d023b213d%2Ftemp%2F31&report_file_path=C%3A%2FUsers%2FXIZHON%7E1%2FAppData%2FRoaming%2FTencent%2FWeChat%2Flog%2F&extract_path=C%3A%2FUsers%2Fxizhonghuai%2FAppData%2FRoaming%2FTencent%2FWeChat%2FXPlugin%2FPlugins%2FXFilesOfficeReader%2F1366%2Fextracted%2F&cache_path=C%3A%2FUsers%2Fxizhonghuai%2FAppData%2FRoaming%2FTencent%2FWeChat%2FXPlugin%2FPlugins%2FXFilesOfficeReader%2F1366%2Fcache%2F&idkey_id=1692&xfiles_version=1366&is_url_encode=true
[1206/152650.312:INFO:web_contents_impl.cc(4548)] [XWEB_LOG_BROWSER]  XWeb IdKeyReport, ID:1731,Key:4
[1206/152650.312:INFO:web_contents_impl.cc(4550)] [XWEB_LOG_BROWSER]  XWeb IdKeyReport, ID:1731,Key:11
[1206/152650.312:INFO:web_contents_impl.cc(4556)] [XWEB_LOG_BROWSER] WebContentsImpl::DidFinishNavigation OK! url:wechat://xviewer/XViewer/viewer.html?filepath=C%3A%2FUsers%2Fxizhonghuai%2FDocuments%2FWeChat+Files%2Fwxid%5F5tkqhacmblu921%2FApplet%2Fwx0bc2c17d023b213d%2Ftemp%2F31&report_file_path=C%3A%2FUsers%2FXIZHON%7E1%2FAppData%2FRoaming%2FTencent%2FWeChat%2Flog%2F&extract_path=C%3A%2FUsers%2Fxizhonghuai%2FAppData%2FRoaming%2FTencent%2FWeChat%2FXPlugin%2FPlugins%2FXFilesOfficeReader%2F1366%2Fextracted%2F&cache_path=C%3A%2FUsers%2Fxizhonghuai%2FAppData%2FRoaming%2FTencent%2FWeChat%2FXPlugin%2FPlugins%2FXFilesOfficeReader%2F1366%2Fcache%2F&idkey_id=1692&xfiles_version=1366&is_url_encode=true
[1206/152653.047:INFO:web_contents_impl.cc(4548)] [XWEB_LOG_BROWSER]  XWeb IdKeyReport, ID:1731,Key:4
[1206/152653.047:INFO:web_contents_impl.cc(4550)] [XWEB_LOG_BROWSER]  XWeb IdKeyReport, ID:1731,Key:11
[1206/152653.048:INFO:web_contents_impl.cc(4556)] [XWEB_LOG_BROWSER] WebContentsImpl::DidFinishNavigation OK! url:wechat://xviewer/XViewer/viewer.html?filepath=C%3A%2FUsers%2Fxizhonghuai%2FDocuments%2FWeChat+Files%2Fwxid%5F5tkqhacmblu921%2FApplet%2Fwx0bc2c17d023b213d%2Ftemp%2F31&report_file_path=C%3A%2FUsers%2FXIZHON%7E1%2FAppData%2FRoaming%2FTencent%2FWeChat%2Flog%2F&extract_path=C%3A%2FUsers%2Fxizhonghuai%2FAppData%2FRoaming%2FTencent%2FWeChat%2FXPlugin%2FPlugins%2FXFilesOfficeReader%2F1366%2Fextracted%2F&cache_path=C%3A%2FUsers%2Fxizhonghuai%2FAppData%2FRoaming%2FTencent%2FWeChat%2FXPlugin%2FPlugins%2FXFilesOfficeReader%2F1366%2Fcache%2F&idkey_id=1692&xfiles_version=1366&is_url_encode=true
[1206/152709.815:INFO:web_contents_impl.cc(4548)] [XWEB_LOG_BROWSER]  XWeb IdKeyReport, ID:1731,Key:4
[1206/152709.815:INFO:web_contents_impl.cc(4550)] [XWEB_LOG_BROWSER]  XWeb IdKeyReport, ID:1731,Key:11
[1206/152709.815:INFO:web_contents_impl.cc(4556)] [XWEB_LOG_BROWSER] WebContentsImpl::DidFinishNavigation OK! url:wechat://xviewer/XViewer/viewer.html?filepath=C%3A%2FUsers%2Fxizhonghuai%2FDocuments%2FWeChat+Files%2Fwxid%5F5tkqhacmblu921%2FApplet%2Fwx0bc2c17d023b213d%2Ftemp%2F31&report_file_path=C%3A%2FUsers%2FXIZHON%7E1%2FAppData%2FRoaming%2FTencent%2FWeChat%2Flog%2F&extract_path=C%3A%2FUsers%2Fxizhonghuai%2FAppData%2FRoaming%2FTencent%2FWeChat%2FXPlugin%2FPlugins%2FXFilesOfficeReader%2F1366%2Fextracted%2F&cache_path=C%3A%2FUsers%2Fxizhonghuai%2FAppData%2FRoaming%2FTencent%2FWeChat%2FXPlugin%2FPlugins%2FXFilesOfficeReader%2F1366%2Fcache%2F&idkey_id=1692&xfiles_version=1366&is_url_encode=true
[1206/152718.563:INFO:web_contents_impl.cc(4548)] [XWEB_LOG_BROWSER]  XWeb IdKeyReport, ID:1731,Key:4
[1206/152718.564:INFO:web_contents_impl.cc(4550)] [XWEB_LOG_BROWSER]  XWeb IdKeyReport, ID:1731,Key:11
[1206/152718.564:INFO:web_contents_impl.cc(4556)] [XWEB_LOG_BROWSER] WebContentsImpl::DidFinishNavigation OK! url:wechat://xviewer/XViewer/viewer.html?filepath=C%3A%2FUsers%2Fxizhonghuai%2FDocuments%2FWeChat+Files%2Fwxid%5F5tkqhacmblu921%2FApplet%2Fwx0bc2c17d023b213d%2Ftemp%2F31&report_file_path=C%3A%2FUsers%2FXIZHON%7E1%2FAppData%2FRoaming%2FTencent%2FWeChat%2Flog%2F&extract_path=C%3A%2FUsers%2Fxizhonghuai%2FAppData%2FRoaming%2FTencent%2FWeChat%2FXPlugin%2FPlugins%2FXFilesOfficeReader%2F1366%2Fextracted%2F&cache_path=C%3A%2FUsers%2Fxizhonghuai%2FAppData%2FRoaming%2FTencent%2FWeChat%2FXPlugin%2FPlugins%2FXFilesOfficeReader%2F1366%2Fcache%2F&idkey_id=1692&xfiles_version=1366&is_url_encode=true
[1206/152721.262:INFO:web_contents_impl.cc(4548)] [XWEB_LOG_BROWSER]  XWeb IdKeyReport, ID:1731,Key:4
[1206/152721.262:INFO:web_contents_impl.cc(4550)] [XWEB_LOG_BROWSER]  XWeb IdKeyReport, ID:1731,Key:11
[1206/152721.262:INFO:web_contents_impl.cc(4556)] [XWEB_LOG_BROWSER] WebContentsImpl::DidFinishNavigation OK! url:wechat://xviewer/XViewer/viewer.html?filepath=C%3A%2FUsers%2Fxizhonghuai%2FDocuments%2FWeChat+Files%2Fwxid%5F5tkqhacmblu921%2FApplet%2Fwx0bc2c17d023b213d%2Ftemp%2F31&report_file_path=C%3A%2FUsers%2FXIZHON%7E1%2FAppData%2FRoaming%2FTencent%2FWeChat%2Flog%2F&extract_path=C%3A%2FUsers%2Fxizhonghuai%2FAppData%2FRoaming%2FTencent%2FWeChat%2FXPlugin%2FPlugins%2FXFilesOfficeReader%2F1366%2Fextracted%2F&cache_path=C%3A%2FUsers%2Fxizhonghuai%2FAppData%2FRoaming%2FTencent%2FWeChat%2FXPlugin%2FPlugins%2FXFilesOfficeReader%2F1366%2Fcache%2F&idkey_id=1692&xfiles_version=1366&is_url_encode=true
[1206/152726.450:INFO:web_contents_impl.cc(4548)] [XWEB_LOG_BROWSER]  XWeb IdKeyReport, ID:1731,Key:4
[1206/152726.450:INFO:web_contents_impl.cc(4550)] [XWEB_LOG_BROWSER]  XWeb IdKeyReport, ID:1731,Key:11
[1206/152726.450:INFO:web_contents_impl.cc(4556)] [XWEB_LOG_BROWSER] WebContentsImpl::DidFinishNavigation OK! url:wechat://xviewer/XViewer/viewer.html?filepath=C%3A%2FUsers%2Fxizhonghuai%2FDocuments%2FWeChat+Files%2Fwxid%5F5tkqhacmblu921%2FApplet%2Fwx0bc2c17d023b213d%2Ftemp%2F31&report_file_path=C%3A%2FUsers%2FXIZHON%7E1%2FAppData%2FRoaming%2FTencent%2FWeChat%2Flog%2F&extract_path=C%3A%2FUsers%2Fxizhonghuai%2FAppData%2FRoaming%2FTencent%2FWeChat%2FXPlugin%2FPlugins%2FXFilesOfficeReader%2F1366%2Fextracted%2F&cache_path=C%3A%2FUsers%2Fxizhonghuai%2FAppData%2FRoaming%2FTencent%2FWeChat%2FXPlugin%2FPlugins%2FXFilesOfficeReader%2F1366%2Fcache%2F&idkey_id=1692&xfiles_version=1366&is_url_encode=true
[1206/152729.492:INFO:web_contents_impl.cc(731)] [XWEB_LOG_BROWSER] WebContentsImpl destructor! this:06B6DF18, WebViewContentImpl constructed count:1,WebViewContentImpl desctructed count1
[1206/152733.822:INFO:gpu_process_host.cc(936)] [XWEB_LOG_GPU]  GPU process laucnched in-process mode SUCCESS!!! gpu-process-pid:32460 gpu-process-sandbox:1
[1206/152733.838:INFO:web_contents_impl.cc(608)] [XWEB_LOG_BROWSER] WebContentsImpl constructor! this:06EA35E0, WebViewContentImpl constructed count:1,WebViewContentImpl desctructed count0
[1206/152733.839:ERROR:system_network_context_manager.cc(699)] Cannot use V8 Proxy resolver in single process mode.
[1206/152733.839:ERROR:system_network_context_manager.cc(699)] Cannot use V8 Proxy resolver in single process mode.
[1206/152733.865:INFO:gpu_process_host.cc(1006)] [XWEB_LOG_GPU]  GpuProcessHost::DidInitialize! gpu-info {machine_info:_,gpu_driver:ANGLE (Intel)_27.20.100.8681,gl_render:ANGLE (Intel(R) UHD Graphics 630 Direct3D11 vs_5_0 ps_5_0),gl_version:OpenGL ES 2.0.0 (ANGLE 2.1.0.unknown hash),gpu_count:1,software_rendering:0,sandboxed:0,in_process_gpu:1,gpuinfo_is_initialized:1,gpu_use_swiftshader:0}
[1206/152733.874:INFO:web_contents_impl.cc(4182)] [XWEB_LOG_BROWSER]  WebContentsImpl:06EA35E0, SetVisibilityAndNotifyObservers:VISIBLE
[1206/152733.899:INFO:web_contents_impl.cc(4548)] [XWEB_LOG_BROWSER]  XWeb IdKeyReport, ID:1731,Key:4
[1206/152733.899:INFO:web_contents_impl.cc(4550)] [XWEB_LOG_BROWSER]  XWeb IdKeyReport, ID:1731,Key:11
[1206/152733.899:INFO:web_contents_impl.cc(4556)] [XWEB_LOG_BROWSER] WebContentsImpl::DidFinishNavigation OK! url:wechat://xviewer/XViewer/viewer.html?filepath=C%3A%2FUsers%2Fxizhonghuai%2FDocuments%2FWeChat+Files%2Fwxid%5F5tkqhacmblu921%2FApplet%2Fwx0bc2c17d023b213d%2Ftemp%2F36&report_file_path=C%3A%2FUsers%2FXIZHON%7E1%2FAppData%2FRoaming%2FTencent%2FWeChat%2Flog%2F&extract_path=C%3A%2FUsers%2Fxizhonghuai%2FAppData%2FRoaming%2FTencent%2FWeChat%2FXPlugin%2FPlugins%2FXFilesOfficeReader%2F1366%2Fextracted%2F&cache_path=C%3A%2FUsers%2Fxizhonghuai%2FAppData%2FRoaming%2FTencent%2FWeChat%2FXPlugin%2FPlugins%2FXFilesOfficeReader%2F1366%2Fcache%2F&idkey_id=1692&xfiles_version=1366&is_url_encode=true
[1206/152733.931:INFO:xweb_javascript.cc(24)] Inject
[1206/152734.273:INFO:web_contents_impl.cc(5051)] [XWEB_LOG_BROWSER]  XWeb IdKeyReport, ID:1731,Key:6
[1206/152734.273:INFO:web_contents_impl.cc(5055)] [XWEB_LOG_BROWSER]  XWeb IdKeyReport, ID:1731,Key:7,value:373.954
[1206/152734.273:INFO:web_contents_impl.cc(5060)] [XWEB_LOG_BROWSER]  load url cost:373.954 ms, url:wechat://xviewer/XViewer/viewer.html?filepath=C%3A%2FUsers%2Fxizhonghuai%2FDocuments%2FWeChat+Files%2Fwxid%5F5tkqhacmblu921%2FApplet%2Fwx0bc2c17d023b213d%2Ftemp%2F36&report_file_path=C%3A%2FUsers%2FXIZHON%7E1%2FAppData%2FRoaming%2FTencent%2FWeChat%2Flog%2F&extract_path=C%3A%2FUsers%2Fxizhonghuai%2FAppData%2FRoaming%2FTencent%2FWeChat%2FXPlugin%2FPlugins%2FXFilesOfficeReader%2F1366%2Fextracted%2F&cache_path=C%3A%2FUsers%2Fxizhonghuai%2FAppData%2FRoaming%2FTencent%2FWeChat%2FXPlugin%2FPlugins%2FXFilesOfficeReader%2F1366%2Fcache%2F&idkey_id=1692&xfiles_version=1366&is_url_encode=true
[1206/152734.273:INFO:web_contents_impl.cc(5063)] [XWEB_LOG_BROWSER]  XWeb IdKeyReport, ID:1731,Key:12
[1206/152734.273:INFO:web_contents_impl.cc(5065)] [XWEB_LOG_BROWSER]  XWeb IdKeyReport, ID:1731,Key:13
[1206/152747.219:INFO:web_contents_impl.cc(731)] [XWEB_LOG_BROWSER] WebContentsImpl destructor! this:06EA35E0, WebViewContentImpl constructed count:1,WebViewContentImpl desctructed count1
